Arguments: 
  /usr/bin/node /usr/share/yarn/bin/yarn.js install

PATH: 
  /home/ying/.rbenv/plugins/ruby-build/bin:/home/ying/.rbenv/shims:/home/ying/.rbenv/bin:/home/ying/.rbenv/plugins/ruby-build/bin:/home/ying/.rbenv/shims:/home/ying/.rbenv/bin:/usr/local/sbin:/usr/local/bin:/usr/sbin:/usr/bin:/sbin:/bin:/usr/games:/usr/local/games:/snap/bin

Yarn version: 
  1.22.5

Node version: 
  12.22.6

Platform: 
  linux x64

Trace: 
  Error: https://registry.yarnpkg.com/@rails%2fWebpacker: Not found
      at Request.params.callback [as _callback] (/usr/share/yarn/lib/cli.js:66988:18)
      at Request.self.callback (/usr/share/yarn/lib/cli.js:140749:22)
      at Request.emit (events.js:314:20)
      at Request.<anonymous> (/usr/share/yarn/lib/cli.js:141721:10)
      at Request.emit (events.js:314:20)
      at IncomingMessage.<anonymous> (/usr/share/yarn/lib/cli.js:141643:12)
      at Object.onceWrapper (events.js:420:28)
      at IncomingMessage.emit (events.js:326:22)
      at endReadableNT (_stream_readable.js:1241:12)
      at processTicksAndRejections (internal/process/task_queues.js:84:21)

npm manifest: 
  {
      "name": "saddlebag",
      "private": true,
      "dependencies": {
        "@rails/ujs": "^6.0.0",
        "@rails/Webpacker": "5.2.1",
        "turbolinks": "^5.2.0"
      },
      "version": "0.1.0",
      "devDependencies": {
        "webpack-dev-server": "^3.11.0"
      }
    }

yarn manifest: 
  No manifest

Lockfile: 
  No lockfile
